node.exe : C:\Users\b
enja\Desktop\ToK\tokw
eb\frontend\node_modu
les\react-scripts\con
fig\modules.js:108
En línea: 1 
Carácter: 1
+ & "C:\Program Files
\nodejs/node.exe" 
"C:\Program 
Files\nodejs/node_mo 
...
+ ~~~~~~~~~~~~~~~~~~~
~~~~~~~~~~~~~~~~~~~~~
~~~~~~~~~~~~~~~~~~~~~
~~~~~~~~
    + CategoryInfo   
           : NotSpe  
  cified: (C:\User   
 s\benja\...\modu    
les.js:108:Strin    
g) [], RemoteExc    
eption
    + FullyQualified 
   ErrorId : Native  
  CommandError
 
    throw new Error(
          ^

Error: You have both 
a tsconfig.json and 
a jsconfig.json. If 
you are using 
TypeScript please 
remove your 
jsconfig.json file.
    at getModules (C:
\Users\benja\Desktop\
ToK\tokweb\frontend\n
ode_modules\react-scr
ipts\config\modules.j
s:108:11)
    at 
Object.<anonymous> (C
:\Users\benja\Desktop
\ToK\tokweb\frontend\
node_modules\react-sc
ripts\config\modules.
js:142:18)
    at 
Module._compile (node
:internal/modules/cjs
/loader:1804:14)
    at Object..js (no
de:internal/modules/c
js/loader:1936:10)
    at Module.load (n
ode:internal/modules/
cjs/loader:1525:32)
    at Module._load (
node:internal/modules
/cjs/loader:1327:12)
    at TracingChannel
.traceSync (node:diag
nostics_channel:328:1
4)
    at 
wrapModuleLoad (node:
internal/modules/cjs/
loader:245:24)
    at 
Module.require (node:
internal/modules/cjs/
loader:1548:12)
    at require (node:
internal/modules/help
ers:152:16)

Node.js v24.13.1
